Analysis & Synthesis report for maquina_estado
Sun Jul 07 21:34:46 2024
Quartus Prime Version 20.1.1 Build 720 11/11/2020 SJ Lite Edition


---------------------
; Table of Contents ;
---------------------
  1. Legal Notice
  2. Analysis & Synthesis Summary
  3. Analysis & Synthesis Settings
  4. Parallel Compilation
  5. Analysis & Synthesis Source Files Read
  6. Analysis & Synthesis Resource Usage Summary
  7. Analysis & Synthesis Resource Utilization by Entity
  8. State Machine - |sistemaRega|state_machine:mef|state
  9. Registers Removed During Synthesis
 10. General Register Statistics
 11. Parameter Settings for User Entity Instance: state_machine:mef
 12. Analysis & Synthesis Messages



----------------
; Legal Notice ;
----------------
Copyright (C) 2020  Intel Corporation. All rights reserved.
Your use of Intel Corporation's design tools, logic functions 
and other software and tools, and any partner logic 
functions, and any output files from any of the foregoing 
(including device programming or simulation files), and any 
associated documentation or information are expressly subject 
to the terms and conditions of the Intel Program License 
Subscription Agreement, the Intel Quartus Prime License Agreement,
the Intel FPGA IP License Agreement, or other applicable license
agreement, including, without limitation, that your use is for
the sole purpose of programming logic devices manufactured by
Intel and sold by Intel or its authorized distributors.  Please
refer to the applicable agreement for further details, at
https://fpgasoftware.intel.com/eula.



+---------------------------------------------------------------------------+
; Analysis & Synthesis Summary                                              ;
+-----------------------------+---------------------------------------------+
; Analysis & Synthesis Status ; Successful - Sun Jul 07 21:34:46 2024       ;
; Quartus Prime Version       ; 20.1.1 Build 720 11/11/2020 SJ Lite Edition ;
; Revision Name               ; maquina_estado                              ;
; Top-level Entity Name       ; sistemaRega                                 ;
; Family                      ; MAX II                                      ;
; Total logic elements        ; 17                                          ;
; Total pins                  ; 38                                          ;
; Total virtual pins          ; 0                                           ;
; UFM blocks                  ; 0 / 1 ( 0 % )                               ;
+-----------------------------+---------------------------------------------+


+------------------------------------------------------------------------------------------------------------+
; Analysis & Synthesis Settings                                                                              ;
+------------------------------------------------------------------+--------------------+--------------------+
; Option                                                           ; Setting            ; Default Value      ;
+------------------------------------------------------------------+--------------------+--------------------+
; Device                                                           ; EPM240T100C5       ;                    ;
; Top-level entity name                                            ; sistemaRega        ; maquina_estado     ;
; Family name                                                      ; MAX II             ; Cyclone V          ;
; Use smart compilation                                            ; Off                ; Off                ;
; Enable parallel Assembler and Timing Analyzer during compilation ; On                 ; On                 ;
; Enable compact report table                                      ; Off                ; Off                ;
; Restructure Multiplexers                                         ; Auto               ; Auto               ;
; Create Debugging Nodes for IP Cores                              ; Off                ; Off                ;
; Preserve fewer node names                                        ; On                 ; On                 ;
; Intel FPGA IP Evaluation Mode                                    ; Enable             ; Enable             ;
; Verilog Version                                                  ; Verilog_2001       ; Verilog_2001       ;
; VHDL Version                                                     ; VHDL_1993          ; VHDL_1993          ;
; State Machine Processing                                         ; Auto               ; Auto               ;
; Safe State Machine                                               ; Off                ; Off                ;
; Extract Verilog State Machines                                   ; On                 ; On                 ;
; Extract VHDL State Machines                                      ; On                 ; On                 ;
; Ignore Verilog initial constructs                                ; Off                ; Off                ;
; Iteration limit for constant Verilog loops                       ; 5000               ; 5000               ;
; Iteration limit for non-constant Verilog loops                   ; 250                ; 250                ;
; Add Pass-Through Logic to Inferred RAMs                          ; On                 ; On                 ;
; Infer RAMs from Raw Logic                                        ; On                 ; On                 ;
; Parallel Synthesis                                               ; On                 ; On                 ;
; NOT Gate Push-Back                                               ; On                 ; On                 ;
; Power-Up Don't Care                                              ; On                 ; On                 ;
; Remove Redundant Logic Cells                                     ; Off                ; Off                ;
; Remove Duplicate Registers                                       ; On                 ; On                 ;
; Ignore CARRY Buffers                                             ; Off                ; Off                ;
; Ignore CASCADE Buffers                                           ; Off                ; Off                ;
; Ignore GLOBAL Buffers                                            ; Off                ; Off                ;
; Ignore ROW GLOBAL Buffers                                        ; Off                ; Off                ;
; Ignore LCELL Buffers                                             ; Off                ; Off                ;
; Ignore SOFT Buffers                                              ; On                 ; On                 ;
; Limit AHDL Integers to 32 Bits                                   ; Off                ; Off                ;
; Optimization Technique                                           ; Balanced           ; Balanced           ;
; Carry Chain Length                                               ; 70                 ; 70                 ;
; Auto Carry Chains                                                ; On                 ; On                 ;
; Auto Open-Drain Pins                                             ; On                 ; On                 ;
; Perform WYSIWYG Primitive Resynthesis                            ; Off                ; Off                ;
; Auto Shift Register Replacement                                  ; Auto               ; Auto               ;
; Allow Shift Register Merging across Hierarchies                  ; Auto               ; Auto               ;
; Auto Clock Enable Replacement                                    ; On                 ; On                 ;
; Allow Synchronous Control Signals                                ; On                 ; On                 ;
; Force Use of Synchronous Clear Signals                           ; Off                ; Off                ;
; Auto Resource Sharing                                            ; Off                ; Off                ;
; Use LogicLock Constraints during Resource Balancing              ; On                 ; On                 ;
; Ignore translate_off and synthesis_off directives                ; Off                ; Off                ;
; Report Parameter Settings                                        ; On                 ; On                 ;
; Report Source Assignments                                        ; On                 ; On                 ;
; Report Connectivity Checks                                       ; On                 ; On                 ;
; Ignore Maximum Fan-Out Assignments                               ; Off                ; Off                ;
; Synchronization Register Chain Length                            ; 2                  ; 2                  ;
; Power Optimization During Synthesis                              ; Normal compilation ; Normal compilation ;
; HDL message level                                                ; Level2             ; Level2             ;
; Suppress Register Optimization Related Messages                  ; Off                ; Off                ;
; Number of Removed Registers Reported in Synthesis Report         ; 5000               ; 5000               ;
; Number of Swept Nodes Reported in Synthesis Report               ; 5000               ; 5000               ;
; Number of Inverted Registers Reported in Synthesis Report        ; 100                ; 100                ;
; Clock MUX Protection                                             ; On                 ; On                 ;
; Block Design Naming                                              ; Auto               ; Auto               ;
; Synthesis Effort                                                 ; Auto               ; Auto               ;
; Shift Register Replacement - Allow Asynchronous Clear Signal     ; On                 ; On                 ;
; Analysis & Synthesis Message Level                               ; Medium             ; Medium             ;
; Disable Register Merging Across Hierarchies                      ; Auto               ; Auto               ;
+------------------------------------------------------------------+--------------------+--------------------+


+------------------------------------------+
; Parallel Compilation                     ;
+----------------------------+-------------+
; Processors                 ; Number      ;
+----------------------------+-------------+
; Number detected on machine ; 12          ;
; Maximum allowed            ; 12          ;
;                            ;             ;
; Average used               ; 1.00        ;
; Maximum used               ; 1           ;
;                            ;             ;
; Usage by Processor         ; % Time Used ;
;     Processor 1            ; 100.0%      ;
+----------------------------+-------------+


+---------------------------------------------------------------------------------------------------------------------------------------------------------+
; Analysis & Synthesis Source Files Read                                                                                                                  ;
+----------------------------------+-----------------+------------------------+-----------------------------------------------------------------+---------+
; File Name with User-Entered Path ; Used in Netlist ; File Type              ; File Name with Absolute Path                                    ; Library ;
+----------------------------------+-----------------+------------------------+-----------------------------------------------------------------+---------+
; state_machine.v                  ; yes             ; User Verilog HDL File  ; C:/Users/kaio_/OneDrive/Fotos/Documentos/mi-cd3/state_machine.v ;         ;
; sistemaRega.v                    ; yes             ; User Verilog HDL File  ; C:/Users/kaio_/OneDrive/Fotos/Documentos/mi-cd3/sistemaRega.v   ;         ;
; pbl1.v                           ; yes             ; User Verilog HDL File  ; C:/Users/kaio_/OneDrive/Fotos/Documentos/mi-cd3/pbl1.v          ;         ;
+----------------------------------+-----------------+------------------------+-----------------------------------------------------------------+---------+


+------------------------------------------------------------------------+
; Analysis & Synthesis Resource Usage Summary                            ;
+---------------------------------------------+--------------------------+
; Resource                                    ; Usage                    ;
+---------------------------------------------+--------------------------+
; Total logic elements                        ; 17                       ;
;     -- Combinational with no register       ; 11                       ;
;     -- Register only                        ; 0                        ;
;     -- Combinational with a register        ; 6                        ;
;                                             ;                          ;
; Logic element usage by number of LUT inputs ;                          ;
;     -- 4 input functions                    ; 8                        ;
;     -- 3 input functions                    ; 4                        ;
;     -- 2 input functions                    ; 4                        ;
;     -- 1 input functions                    ; 0                        ;
;     -- 0 input functions                    ; 1                        ;
;                                             ;                          ;
; Logic elements by mode                      ;                          ;
;     -- normal mode                          ; 17                       ;
;     -- arithmetic mode                      ; 0                        ;
;     -- qfbk mode                            ; 0                        ;
;     -- register cascade mode                ; 0                        ;
;     -- synchronous clear/load mode          ; 0                        ;
;     -- asynchronous clear/load mode         ; 6                        ;
;                                             ;                          ;
; Total registers                             ; 6                        ;
; I/O pins                                    ; 38                       ;
; Maximum fan-out node                        ; pbl1:combinational|Or0~0 ;
; Maximum fan-out                             ; 9                        ;
; Total fan-out                               ; 72                       ;
; Average fan-out                             ; 1.31                     ;
+---------------------------------------------+--------------------------+


+--------------------------------------------------------------------------------------------------------------------------------------------------------------------------------------------------------------------------------------------------+
; Analysis & Synthesis Resource Utilization by Entity                                                                                                                                                                                              ;
+----------------------------+-------------+--------------+------------+------+--------------+--------------+-------------------+------------------+-----------------+------------+---------------------------------+---------------+--------------+
; Compilation Hierarchy Node ; Logic Cells ; LC Registers ; UFM Blocks ; Pins ; Virtual Pins ; LUT-Only LCs ; Register-Only LCs ; LUT/Register LCs ; Carry Chain LCs ; Packed LCs ; Full Hierarchy Name             ; Entity Name   ; Library Name ;
+----------------------------+-------------+--------------+------------+------+--------------+--------------+-------------------+------------------+-----------------+------------+---------------------------------+---------------+--------------+
; |sistemaRega               ; 17 (0)      ; 6            ; 0          ; 38   ; 0            ; 11 (0)       ; 0 (0)             ; 6 (0)            ; 0 (0)           ; 0 (0)      ; |sistemaRega                    ; sistemaRega   ; work         ;
;    |pbl1:combinational|    ; 7 (7)       ; 0            ; 0          ; 0    ; 0            ; 7 (7)        ; 0 (0)             ; 0 (0)            ; 0 (0)           ; 0 (0)      ; |sistemaRega|pbl1:combinational ; pbl1          ; work         ;
;    |state_machine:mef|     ; 10 (10)     ; 6            ; 0          ; 0    ; 0            ; 4 (4)        ; 0 (0)             ; 6 (6)            ; 0 (0)           ; 0 (0)      ; |sistemaRega|state_machine:mef  ; state_machine ; work         ;
+----------------------------+-------------+--------------+------------+------+--------------+--------------+-------------------+------------------+-----------------+------------+---------------------------------+---------------+--------------+
Note: For table entries with two numbers listed, the numbers in parentheses indicate the number of resources of the given type used by the specific entity alone. The numbers listed outside of parentheses indicate the total resources of the given type used by the specific entity and all of its sub-entities in the hierarchy.


Encoding Type:  One-Hot
+----------------------------------------------------------------------------------------------------------------+
; State Machine - |sistemaRega|state_machine:mef|state                                                           ;
+-----------------+---------------+----------------+------------+-----------------+----------------+-------------+
; Name            ; state.FILLING ; state.CLEANING ; state.DRIP ; state.SPRINKLER ; state.FULL_BOX ; state.ERROR ;
+-----------------+---------------+----------------+------------+-----------------+----------------+-------------+
; state.ERROR     ; 0             ; 0              ; 0          ; 0               ; 0              ; 0           ;
; state.FULL_BOX  ; 0             ; 0              ; 0          ; 0               ; 1              ; 1           ;
; state.SPRINKLER ; 0             ; 0              ; 0          ; 1               ; 0              ; 1           ;
; state.DRIP      ; 0             ; 0              ; 1          ; 0               ; 0              ; 1           ;
; state.CLEANING  ; 0             ; 1              ; 0          ; 0               ; 0              ; 1           ;
; state.FILLING   ; 1             ; 0              ; 0          ; 0               ; 0              ; 1           ;
+-----------------+---------------+----------------+------------+-----------------+----------------+-------------+


+------------------------------------------------------------+
; Registers Removed During Synthesis                         ;
+---------------------------------------+--------------------+
; Register name                         ; Reason for Removal ;
+---------------------------------------+--------------------+
; state_machine:mef|state~4             ; Lost fanout        ;
; state_machine:mef|state~5             ; Lost fanout        ;
; state_machine:mef|state~6             ; Lost fanout        ;
; Total Number of Removed Registers = 3 ;                    ;
+---------------------------------------+--------------------+


+------------------------------------------------------+
; General Register Statistics                          ;
+----------------------------------------------+-------+
; Statistic                                    ; Value ;
+----------------------------------------------+-------+
; Total registers                              ; 6     ;
; Number of registers using Synchronous Clear  ; 0     ;
; Number of registers using Synchronous Load   ; 0     ;
; Number of registers using Asynchronous Clear ; 6     ;
; Number of registers using Asynchronous Load  ; 0     ;
; Number of registers using Clock Enable       ; 0     ;
; Number of registers using Preset             ; 0     ;
+----------------------------------------------+-------+


+----------------------------------------------------------------+
; Parameter Settings for User Entity Instance: state_machine:mef ;
+----------------+-------+---------------------------------------+
; Parameter Name ; Value ; Type                                  ;
+----------------+-------+---------------------------------------+
; FILLING        ; 000   ; Unsigned Binary                       ;
; FULL_BOX       ; 001   ; Unsigned Binary                       ;
; SPRINKLER      ; 010   ; Unsigned Binary                       ;
; DRIP           ; 011   ; Unsigned Binary                       ;
; CLEANING       ; 100   ; Unsigned Binary                       ;
; ERROR          ; 101   ; Unsigned Binary                       ;
+----------------+-------+---------------------------------------+
Note: In order to hide this table in the UI and the text report file, please set the "Show Parameter Settings in Synthesis Report" option in "Analysis and Synthesis Settings -> More Settings" to "Off".


+-------------------------------+
; Analysis & Synthesis Messages ;
+-------------------------------+
Info: *******************************************************************
Info: Running Quartus Prime Analysis & Synthesis
    Info: Version 20.1.1 Build 720 11/11/2020 SJ Lite Edition
    Info: Processing started: Sun Jul 07 21:34:37 2024
Info: Command: quartus_map --read_settings_files=on --write_settings_files=off maquina_estado -c maquina_estado
Warning (18236): Number of processors has not been specified which may cause overloading on shared machines.  Set the global assignment NUM_PARALLEL_PROCESSORS in your QSF to an appropriate value for best performance.
Info (20030): Parallel compilation is enabled and will use 12 of the 12 processors detected
Info (12021): Found 1 design units, including 1 entities, in source file state_machine.v
    Info (12023): Found entity 1: state_machine File: C:/Users/kaio_/OneDrive/Fotos/Documentos/mi-cd3/state_machine.v Line: 2
Info (12021): Found 1 design units, including 1 entities, in source file sistemarega.v
    Info (12023): Found entity 1: sistemaRega File: C:/Users/kaio_/OneDrive/Fotos/Documentos/mi-cd3/sistemaRega.v Line: 2
Info (12021): Found 1 design units, including 1 entities, in source file pbl1.v
    Info (12023): Found entity 1: pbl1 File: C:/Users/kaio_/OneDrive/Fotos/Documentos/mi-cd3/pbl1.v Line: 2
Info (12127): Elaborating entity "sistemaRega" for the top level hierarchy
Info (12128): Elaborating entity "pbl1" for hierarchy "pbl1:combinational" File: C:/Users/kaio_/OneDrive/Fotos/Documentos/mi-cd3/sistemaRega.v Line: 16
Warning (10034): Output port "seven_seg_digit" at pbl1.v(5) has no driver File: C:/Users/kaio_/OneDrive/Fotos/Documentos/mi-cd3/pbl1.v Line: 5
Warning (10034): Output port "column" at pbl1.v(6) has no driver File: C:/Users/kaio_/OneDrive/Fotos/Documentos/mi-cd3/pbl1.v Line: 6
Warning (10034): Output port "lines" at pbl1.v(8) has no driver File: C:/Users/kaio_/OneDrive/Fotos/Documentos/mi-cd3/pbl1.v Line: 8
Warning (10034): Output port "segA" at pbl1.v(4) has no driver File: C:/Users/kaio_/OneDrive/Fotos/Documentos/mi-cd3/pbl1.v Line: 4
Warning (10034): Output port "segB" at pbl1.v(4) has no driver File: C:/Users/kaio_/OneDrive/Fotos/Documentos/mi-cd3/pbl1.v Line: 4
Warning (10034): Output port "segC" at pbl1.v(4) has no driver File: C:/Users/kaio_/OneDrive/Fotos/Documentos/mi-cd3/pbl1.v Line: 4
Warning (10034): Output port "segD" at pbl1.v(4) has no driver File: C:/Users/kaio_/OneDrive/Fotos/Documentos/mi-cd3/pbl1.v Line: 4
Warning (10034): Output port "segE" at pbl1.v(4) has no driver File: C:/Users/kaio_/OneDrive/Fotos/Documentos/mi-cd3/pbl1.v Line: 4
Warning (10034): Output port "segF" at pbl1.v(4) has no driver File: C:/Users/kaio_/OneDrive/Fotos/Documentos/mi-cd3/pbl1.v Line: 4
Warning (10034): Output port "segG" at pbl1.v(4) has no driver File: C:/Users/kaio_/OneDrive/Fotos/Documentos/mi-cd3/pbl1.v Line: 4
Info (12128): Elaborating entity "state_machine" for hierarchy "state_machine:mef" File: C:/Users/kaio_/OneDrive/Fotos/Documentos/mi-cd3/sistemaRega.v Line: 22
Warning (13024): Output pins are stuck at VCC or GND
    Warning (13410): Pin "segA" is stuck at GND File: C:/Users/kaio_/OneDrive/Fotos/Documentos/mi-cd3/sistemaRega.v Line: 4
    Warning (13410): Pin "segB" is stuck at GND File: C:/Users/kaio_/OneDrive/Fotos/Documentos/mi-cd3/sistemaRega.v Line: 4
    Warning (13410): Pin "segC" is stuck at GND File: C:/Users/kaio_/OneDrive/Fotos/Documentos/mi-cd3/sistemaRega.v Line: 4
    Warning (13410): Pin "segD" is stuck at GND File: C:/Users/kaio_/OneDrive/Fotos/Documentos/mi-cd3/sistemaRega.v Line: 4
    Warning (13410): Pin "segE" is stuck at GND File: C:/Users/kaio_/OneDrive/Fotos/Documentos/mi-cd3/sistemaRega.v Line: 4
    Warning (13410): Pin "segF" is stuck at GND File: C:/Users/kaio_/OneDrive/Fotos/Documentos/mi-cd3/sistemaRega.v Line: 4
    Warning (13410): Pin "segG" is stuck at GND File: C:/Users/kaio_/OneDrive/Fotos/Documentos/mi-cd3/sistemaRega.v Line: 4
    Warning (13410): Pin "seven_seg_digit[0]" is stuck at GND File: C:/Users/kaio_/OneDrive/Fotos/Documentos/mi-cd3/sistemaRega.v Line: 5
    Warning (13410): Pin "seven_seg_digit[1]" is stuck at GND File: C:/Users/kaio_/OneDrive/Fotos/Documentos/mi-cd3/sistemaRega.v Line: 5
    Warning (13410): Pin "seven_seg_digit[2]" is stuck at GND File: C:/Users/kaio_/OneDrive/Fotos/Documentos/mi-cd3/sistemaRega.v Line: 5
    Warning (13410): Pin "seven_seg_digit[3]" is stuck at GND File: C:/Users/kaio_/OneDrive/Fotos/Documentos/mi-cd3/sistemaRega.v Line: 5
    Warning (13410): Pin "column[0]" is stuck at GND File: C:/Users/kaio_/OneDrive/Fotos/Documentos/mi-cd3/sistemaRega.v Line: 6
    Warning (13410): Pin "column[1]" is stuck at GND File: C:/Users/kaio_/OneDrive/Fotos/Documentos/mi-cd3/sistemaRega.v Line: 6
    Warning (13410): Pin "column[2]" is stuck at GND File: C:/Users/kaio_/OneDrive/Fotos/Documentos/mi-cd3/sistemaRega.v Line: 6
    Warning (13410): Pin "column[3]" is stuck at GND File: C:/Users/kaio_/OneDrive/Fotos/Documentos/mi-cd3/sistemaRega.v Line: 6
    Warning (13410): Pin "column[4]" is stuck at GND File: C:/Users/kaio_/OneDrive/Fotos/Documentos/mi-cd3/sistemaRega.v Line: 6
    Warning (13410): Pin "lines[0]" is stuck at GND File: C:/Users/kaio_/OneDrive/Fotos/Documentos/mi-cd3/sistemaRega.v Line: 8
    Warning (13410): Pin "lines[1]" is stuck at GND File: C:/Users/kaio_/OneDrive/Fotos/Documentos/mi-cd3/sistemaRega.v Line: 8
    Warning (13410): Pin "lines[2]" is stuck at GND File: C:/Users/kaio_/OneDrive/Fotos/Documentos/mi-cd3/sistemaRega.v Line: 8
    Warning (13410): Pin "lines[3]" is stuck at GND File: C:/Users/kaio_/OneDrive/Fotos/Documentos/mi-cd3/sistemaRega.v Line: 8
    Warning (13410): Pin "lines[4]" is stuck at GND File: C:/Users/kaio_/OneDrive/Fotos/Documentos/mi-cd3/sistemaRega.v Line: 8
    Warning (13410): Pin "lines[5]" is stuck at GND File: C:/Users/kaio_/OneDrive/Fotos/Documentos/mi-cd3/sistemaRega.v Line: 8
    Warning (13410): Pin "lines[6]" is stuck at GND File: C:/Users/kaio_/OneDrive/Fotos/Documentos/mi-cd3/sistemaRega.v Line: 8
Info (17049): 3 registers lost all their fanouts during netlist optimizations.
Info (21057): Implemented 55 device resources after synthesis - the final resource count might be different
    Info (21058): Implemented 7 input pins
    Info (21059): Implemented 31 output pins
    Info (21061): Implemented 17 logic cells
Info: Quartus Prime Analysis & Synthesis was successful. 0 errors, 35 warnings
    Info: Peak virtual memory: 4699 megabytes
    Info: Processing ended: Sun Jul 07 21:34:46 2024
    Info: Elapsed time: 00:00:09
    Info: Total CPU time (on all processors): 00:00:21


